<?xml version="1.0" encoding="UTF-8"?>
<!-- Generated by org.testng.reporters.JUnitReportReporter -->
<testsuite skipped="0" hostname="Asele4ka.local" name="com.syntax.orangehrm.testscripts.HomePageTest" tests="1" failures="0" timestamp="20 Nov 2018 23:21:16 GMT" time="4.769" errors="0">
  <testcase name="login" time="4.769" classname="com.syntax.orangehrm.testscripts.HomePageTest"/>
</testsuite> <!-- com.syntax.orangehrm.testscripts.HomePageTest -->
