<?xml version="1.0" encoding="UTF-8"?>
<!-- Generated by org.testng.reporters.JUnitReportReporter -->
<testsuite skipped="0" hostname="Asele4ka.local" name="com.syntax.orangehrm.testscripts.LoginPageTest" tests="2" failures="0" timestamp="25 Nov 2018 16:41:01 GMT" time="8.056" errors="0">
  <testcase name="invalidLogin" time="4.568" classname="com.syntax.orangehrm.testscripts.LoginPageTest"/>
  <testcase name="validLogin" time="3.488" classname="com.syntax.orangehrm.testscripts.LoginPageTest"/>
</testsuite> <!-- com.syntax.orangehrm.testscripts.LoginPageTest -->
