<?xml version="1.0" encoding="UTF-8"?>
<!-- Generated by org.testng.reporters.JUnitReportReporter -->
<testsuite skipped="1" hostname="Asele4ka.local" name="com.syntax.orangehrm.testscripts.AddEmployeeTest" tests="1" failures="0" timestamp="01 Dec 2018 20:53:45 GMT" time="0.000" errors="0">
  <testcase name="addingEmployee" time="0.000" classname="com.syntax.orangehrm.testscripts.AddEmployeeTest">
    <skipped/>
  </testcase> <!-- addingEmployee -->
</testsuite> <!-- com.syntax.orangehrm.testscripts.AddEmployeeTest -->
